<?xml version="1.0" encoding="UTF-8"?>
<testsuite xmlns:xsi="http://www.w3.org/2001/XMLSchema-instance" xsi:noNamespaceSchemaLocation="https://maven.apache.org/surefire/maven-surefire-plugin/xsd/surefire-test-report-3.0.xsd" version="3.0" name="com.sogeti.sun.RuleTest" time="3.912" tests="1" errors="0" skipped="0" failures="0">
  <properties>
[...]
</properties>
  <testcase name="test" classname="com.sogeti.sun.RuleTest" time="3.7">
    <system-out><![CDATA[2023-02-04 15:52:38,281 [main] WARN  File 'org/example/rules.drl' is in folder 'org/example' but declares package 'com.sogeti.sun'. It is advised to have a correspondance between package and folder names.
2023-02-04 15:52:39,830 [main] INFO  Creating kieBase
2023-02-04 15:52:39,831 [main] INFO  Start creation of KieBase: defaultKieBase
2023-02-04 15:52:40,361 [main] INFO  End creation of KieBase: defaultKieBase
2023-02-04 15:52:40,361 [main] INFO  There should be rules: 
2023-02-04 15:52:40,361 [main] INFO  kp [Package name=com.sogeti.sun] rule will execute per each Measurement having ID color
2023-02-04 15:52:40,361 [main] INFO  Creating kieSession
2023-02-04 15:52:40,564 [main] INFO  Populating globals
2023-02-04 15:52:40,564 [main] INFO  Now running data
2023-02-04 15:52:40,692 [main] INFO  Final checks
]]></system-out>
  </testcase>
</testsuite>